08/19/2019 07:04:56 Loaded 23596 SciTail train samples
08/19/2019 07:04:56 Loaded 1304 SciTail dev samples
08/19/2019 07:04:56 Loaded 2126 SciTail test samples
08/19/2019 07:06:56 Loaded 23596 SciTail train samples
08/19/2019 07:06:56 Loaded 1304 SciTail dev samples
08/19/2019 07:06:56 Loaded 2126 SciTail test samples
08/19/2019 07:07:11 Loaded 23596 SciTail train samples
08/19/2019 07:07:11 Loaded 1304 SciTail dev samples
08/19/2019 07:07:11 Loaded 2126 SciTail test samples
08/19/2019 07:14:32 Loaded 23596 SciTail train samples
08/19/2019 07:14:32 Loaded 1304 SciTail dev samples
08/19/2019 07:14:32 Loaded 2126 SciTail test samples
08/19/2019 07:14:34 Loaded 549367 SNLI train samples
08/19/2019 07:14:34 Loaded 9842 SNLI dev samples
08/19/2019 07:14:34 Loaded 9824 SNLI test samples
08/19/2019 07:14:36 Loaded 392702 MNLI train samples
08/19/2019 07:14:36 Loaded 9815 MNLI matched dev samples
08/19/2019 07:14:36 Loaded 9832 MNLI mismatched dev samples
08/19/2019 07:14:36 Loaded 9796 MNLI matched test samples
08/19/2019 07:14:36 Loaded 9847 MNLI mismatched test samples
08/19/2019 07:14:36 Loaded 3668 MRPC train samples
08/19/2019 07:14:36 Loaded 408 MRPC dev samples
08/19/2019 07:14:36 Loaded 1725 MRPC test samples
08/19/2019 07:14:36 Loaded 104743 QNLI train samples
08/19/2019 07:14:36 Loaded 5463 QNLI dev samples
08/19/2019 07:14:36 Loaded 5463 QNLI test samples
08/19/2019 07:14:37 Loaded 363846 QQP train samples
08/19/2019 07:14:37 Loaded 40430 QQP dev samples
08/19/2019 07:14:37 Loaded 390965 QQP test samples
08/19/2019 07:14:37 Loaded 2490 RTE train samples
08/19/2019 07:14:37 Loaded 277 RTE dev samples
08/19/2019 07:14:37 Loaded 3000 RTE test samples
08/19/2019 07:14:37 Loaded 635 WNLI train samples
08/19/2019 07:14:37 Loaded 71 WNLI dev samples
08/19/2019 07:14:37 Loaded 146 WNLI test samples
08/19/2019 07:14:37 Loaded 67349 SST train samples
08/19/2019 07:14:37 Loaded 872 SST dev samples
08/19/2019 07:14:37 Loaded 1821 SST test samples
08/19/2019 07:14:37 Loaded 8551 COLA train samples
08/19/2019 07:14:37 Loaded 1043 COLA dev samples
08/19/2019 07:14:37 Loaded 1063 COLA test samples
08/19/2019 07:14:38 Loaded 5749 STS-B train samples
08/19/2019 07:14:38 Loaded 1500 STS-B dev samples
08/19/2019 07:14:38 Loaded 1379 STS-B test samples
08/19/2019 07:14:38 done with scitail
08/19/2019 07:14:39 done with snli
08/19/2019 07:14:41 done with mnli
08/19/2019 07:14:41 done with mrpc
08/19/2019 07:14:41 done with qnli
08/19/2019 07:14:44 done with qqp
08/19/2019 07:14:44 done with rte
08/19/2019 07:14:44 done with wnli
08/19/2019 07:14:44 done with sst
08/19/2019 07:14:44 done with cola
08/19/2019 07:14:44 done with stsb
08/19/2019 08:20:33 Loaded 23596 SciTail train samples
08/19/2019 08:20:33 Loaded 1304 SciTail dev samples
08/19/2019 08:20:33 Loaded 2126 SciTail test samples
08/19/2019 08:20:35 Loaded 549367 SNLI train samples
08/19/2019 08:20:35 Loaded 9842 SNLI dev samples
08/19/2019 08:20:35 Loaded 9824 SNLI test samples
08/19/2019 08:20:37 Loaded 392702 MNLI train samples
08/19/2019 08:20:37 Loaded 9815 MNLI matched dev samples
08/19/2019 08:20:37 Loaded 9832 MNLI mismatched dev samples
08/19/2019 08:20:37 Loaded 9796 MNLI matched test samples
08/19/2019 08:20:37 Loaded 9847 MNLI mismatched test samples
08/19/2019 08:20:38 Loaded 3668 MRPC train samples
08/19/2019 08:20:38 Loaded 408 MRPC dev samples
08/19/2019 08:20:38 Loaded 1725 MRPC test samples
08/19/2019 08:20:38 Loaded 104743 QNLI train samples
08/19/2019 08:20:38 Loaded 5463 QNLI dev samples
08/19/2019 08:20:38 Loaded 5463 QNLI test samples
08/19/2019 08:20:39 Loaded 363846 QQP train samples
08/19/2019 08:20:39 Loaded 40430 QQP dev samples
08/19/2019 08:20:39 Loaded 390965 QQP test samples
08/19/2019 08:20:39 Loaded 2490 RTE train samples
08/19/2019 08:20:39 Loaded 277 RTE dev samples
08/19/2019 08:20:39 Loaded 3000 RTE test samples
08/19/2019 08:20:39 Loaded 635 WNLI train samples
08/19/2019 08:20:39 Loaded 71 WNLI dev samples
08/19/2019 08:20:39 Loaded 146 WNLI test samples
08/19/2019 08:20:40 Loaded 67349 SST train samples
08/19/2019 08:20:40 Loaded 872 SST dev samples
08/19/2019 08:20:40 Loaded 1821 SST test samples
08/19/2019 08:20:40 Loaded 8551 COLA train samples
08/19/2019 08:20:40 Loaded 1043 COLA dev samples
08/19/2019 08:20:40 Loaded 1063 COLA test samples
08/19/2019 08:20:40 Loaded 5749 STS-B train samples
08/19/2019 08:20:40 Loaded 1500 STS-B dev samples
08/19/2019 08:20:40 Loaded 1379 STS-B test samples
08/19/2019 08:20:40 done with scitail
08/19/2019 08:20:41 done with snli
08/19/2019 08:20:43 done with mnli
08/19/2019 08:20:43 done with mrpc
08/19/2019 08:20:43 done with qnli
08/19/2019 08:20:45 done with qqp
08/19/2019 08:20:45 done with rte
08/19/2019 08:20:45 done with wnli
08/19/2019 08:20:45 done with sst
08/19/2019 08:20:45 done with cola
08/19/2019 08:20:45 done with stsb
09/08/2019 03:07:09 Loaded 23596 SciTail train samples
09/08/2019 03:07:09 Loaded 1304 SciTail dev samples
09/08/2019 03:07:09 Loaded 2126 SciTail test samples
09/08/2019 03:07:11 Loaded 549367 SNLI train samples
09/08/2019 03:07:11 Loaded 9842 SNLI dev samples
09/08/2019 03:07:11 Loaded 9824 SNLI test samples
09/08/2019 03:07:13 Loaded 392702 MNLI train samples
09/08/2019 03:07:13 Loaded 9815 MNLI matched dev samples
09/08/2019 03:07:13 Loaded 9832 MNLI mismatched dev samples
09/08/2019 03:07:13 Loaded 9796 MNLI matched test samples
09/08/2019 03:07:13 Loaded 9847 MNLI mismatched test samples
09/08/2019 03:07:13 Loaded 3668 MRPC train samples
09/08/2019 03:07:13 Loaded 408 MRPC dev samples
09/08/2019 03:07:13 Loaded 1725 MRPC test samples
09/08/2019 03:07:14 Loaded 104743 QNLI train samples
09/08/2019 03:07:14 Loaded 5463 QNLI dev samples
09/08/2019 03:07:14 Loaded 5463 QNLI test samples
09/08/2019 03:07:15 Loaded 363846 QQP train samples
09/08/2019 03:07:15 Loaded 40430 QQP dev samples
09/08/2019 03:07:15 Loaded 390965 QQP test samples
09/08/2019 03:07:15 Loaded 2490 RTE train samples
09/08/2019 03:07:15 Loaded 277 RTE dev samples
09/08/2019 03:07:15 Loaded 3000 RTE test samples
09/08/2019 03:07:15 Loaded 635 WNLI train samples
09/08/2019 03:07:15 Loaded 71 WNLI dev samples
09/08/2019 03:07:15 Loaded 146 WNLI test samples
09/08/2019 03:07:15 Loaded 67349 SST train samples
09/08/2019 03:07:15 Loaded 872 SST dev samples
09/08/2019 03:07:15 Loaded 1821 SST test samples
09/08/2019 03:07:15 Loaded 8551 COLA train samples
09/08/2019 03:07:15 Loaded 1043 COLA dev samples
09/08/2019 03:07:15 Loaded 1063 COLA test samples
09/08/2019 03:07:15 Loaded 5749 STS-B train samples
09/08/2019 03:07:15 Loaded 1500 STS-B dev samples
09/08/2019 03:07:15 Loaded 1379 STS-B test samples
09/08/2019 03:07:15 done with scitail
09/08/2019 03:07:17 done with snli
09/08/2019 03:07:18 done with mnli
09/08/2019 03:07:18 done with mrpc
09/08/2019 03:07:19 done with qnli
09/08/2019 03:07:21 done with qqp
09/08/2019 03:07:21 done with rte
09/08/2019 03:07:21 done with wnli
09/08/2019 03:07:22 done with sst
09/08/2019 03:07:22 done with cola
09/08/2019 03:07:22 done with stsb
